[INFO] [launch]: All log files can be found below /root/.ros/log/2025-05-31-09-01-52-015205-4fc60edca8cf-217
[INFO] [launch]: Default logging verbosity is set to INFO
[INFO] [preprocessing-1]: process started with pid [218]
[preprocessing-1] [0m[INFO] [1748682112.166670203] [GADEN]: Number of models: 2[0m
[preprocessing-1] [0m[INFO] [1748682112.168028173] [GADEN]: Dimensions are:
[preprocessing-1] 	x : (0, 5)
[preprocessing-1] 	y : (0, 4)
[preprocessing-1] 	z : (0, 2.5)
[preprocessing-1] [0m
[preprocessing-1] [0m[INFO] [1748682112.168336456] [GADEN]: Dimensions are:
[preprocessing-1] 	x : (-0.2, 10.2)
[preprocessing-1] 	y : (-0.2, 6.2)
[preprocessing-1] 	z : (0, 2.5)
[preprocessing-1] [0m
[preprocessing-1] [0m[INFO] [1748682112.174725015] [GADEN]: Parsing environment model: /src/install/test_env/share/test_env/scenarios/new_sim_417/cad_models/new_417_36f66fbf28cf5353.stl[0m
[preprocessing-1] [0m[INFO] [1748682112.176066569] [GADEN]: 25%[0m
[preprocessing-1] [0m[INFO] [1748682112.176513085] [GADEN]: 41%[0m
[preprocessing-1] [0m[INFO] [1748682112.179552352] [GADEN]: 58%[0m
[preprocessing-1] [0m[INFO] [1748682112.181442915] [GADEN]: 75%[0m
[preprocessing-1] [0m[INFO] [1748682112.187505160] [GADEN]: 91%[0m
[preprocessing-1] [0m[INFO] [1748682112.189153620] [GADEN]: Parsing environment model: /src/install/test_env/share/test_env/scenarios/new_sim_417/cad_models/new_417_b24e01148499358e.stl[0m
[preprocessing-1] [0m[INFO] [1748682112.189650055] [GADEN]: 75%[0m
[preprocessing-1] [0m[INFO] [1748682112.200496665] [GADEN]: 85%[0m
[preprocessing-1] [0m[INFO] [1748682112.200591301] [GADEN]: 96%[0m
[preprocessing-1] [0m[INFO] [1748682112.200765925] [GADEN]: Number of outlet models: 2[0m
[preprocessing-1] [0m[INFO] [1748682112.200787178] [GADEN]: Parsing outlet model: /src/install/test_env/share/test_env/scenarios/new_sim_417/cad_models/new_417_fc4a8c16d90851f3.stl[0m
[preprocessing-1] [0m[INFO] [1748682112.210216033] [GADEN]: 25%[0m
[preprocessing-1] [0m[INFO] [1748682112.210388245] [GADEN]: 50%[0m
[preprocessing-1] [0m[INFO] [1748682112.210424667] [GADEN]: 66%[0m
[preprocessing-1] [0m[INFO] [1748682112.213525530] [GADEN]: 83%[0m
[preprocessing-1] [0m[INFO] [1748682112.215196744] [GADEN]: Parsing outlet model: /src/install/test_env/share/test_env/scenarios/new_sim_417/cad_models/new_417_491c4a6b297c5ae8.stl[0m
[preprocessing-1] [0m[INFO] [1748682112.216790891] [GADEN]: 25%[0m
[preprocessing-1] [0m[INFO] [1748682112.216921069] [GADEN]: 75%[0m
[preprocessing-1] [0m[INFO] [1748682112.217002548] [GADEN]: 91%[0m
[preprocessing-1] [0m[INFO] [1748682112.623565867] [GADEN]: [34mWriting output to folder '/src/install/test_env/share/test_env/scenarios/new_sim_417'[0m[0m
[preprocessing-1] [0m[INFO] [1748682112.634937857] [GADEN]: [34mPreprocessing done[0m[0m
[INFO] [preprocessing-1]: process has finished cleanly [pid 218]
Return code: 0
